<?xml version="1.0" encoding="UTF-8"?>
<!-- Generated by org.testng.reporters.JUnitReportReporter -->
<testsuite hostname="Sal-Lonovo" failures="0" tests="1" name="cucumberOptions.testNGTestRunner" time="15.501" errors="1" timestamp="2022-12-02T02:59:28 EST" skipped="0">
  <testcase classname="cucumberOptions.testNGTestRunner" name="runScenario" time="15.501">
    <error message="Cannot invoke &quot;org.openqa.selenium.WebDriver.quit()&quot; because &quot;this.testContextSetup.driver&quot; is null" type="java.lang.NullPointerException">
      <![CDATA[java.lang.NullPointerException: Cannot invoke "org.openqa.selenium.WebDriver.quit()" because "this.testContextSetup.driver" is null
at stepDefinitions.OfferPageStepDefinition.validate_product_name_in_offers_page_matches_with_landing_page(OfferPageStepDefinition.java:55)
at âœ½.validate product name in offers page matches with Landing Page(file:///C:/Users/Sal/git/CucumberFrameWorkExample/src/test/java/com/sal/features/searchProduct.feature:17)
]]>
    </error>
  </testcase> <!-- runScenario -->
  <system-out/>
</testsuite> <!-- cucumberOptions.testNGTestRunner -->
